#
# There is insufficient memory for the Java Runtime Environment to continue.
# Native memory allocation (malloc) failed to allocate 403760 bytes for Chunk::new
# Possible reasons:
#   The system is out of physical RAM or swap space
#   The process is running with CompressedOops enabled, and the Java Heap may be blocking the growth of the native heap
# Possible solutions:
#   Reduce memory load on the system
#   Increase physical memory or swap space
#   Check if swap backing store is full
#   Decrease Java heap size (-Xmx/-Xms)
#   Decrease number of Java threads
#   Decrease Java thread stack sizes (-Xss)
#   Set larger code cache with -XX:ReservedCodeCacheSize=
#   JVM is running with Unscaled Compressed Oops mode in which the Java heap is
#     placed in the first 4GB address space. The Java Heap base address is the
#     maximum limit for the native heap growth. Please use -XX:HeapBaseMinAddress
#     to set the Java Heap base and to place the Java Heap above 4GB virtual address.
# This output file may be truncated or incomplete.
#
#  Out of Memory Error (arena.cpp:184), pid=84220, tid=98896
#
# JRE version: Java(TM) SE Runtime Environment (19.0+36) (build 19+36-2238)
# Java VM: Java HotSpot(TM) 64-Bit Server VM (19+36-2238, mixed mode, sharing, tiered, compressed oops, compressed class ptrs, g1 gc, windows-amd64)
# No core dump will be written. Minidumps are not enabled by default on client versions of Windows
#

---------------  S U M M A R Y ------------

Command Line: -agentlib:jdwp=transport=dt_socket,server=n,address=60446 UI.HomeScreen

Host: 11th Gen Intel(R) Core(TM) i5-1135G7 @ 2.40GHz, 8 cores, 7G,  Windows 10 , 64 bit Build 19041 (10.0.19041.3393)
Time: Thu Sep 28 17:12:22 2023 South Africa Standard Time elapsed time: 1.242102 seconds (0d 0h 0m 1s)

---------------  T H R E A D  ---------------

Current thread (0x0000021bae162a50):  JavaThread "C2 CompilerThread0" daemon [_thread_in_native, id=98896, stack(0x000000b1be800000,0x000000b1be900000)]


Current CompileTask:
C2:   1242  961 % !   4       sun.awt.image.PNGImageDecoder::produceImage @ 960 (1917 bytes)

Stack: [0x000000b1be800000,0x000000b1be900000]
Native frames: (J=compiled Java code, j=interpreted, Vv=VM code, C=native code)
V  [jvm.dll+0x6ee8fa]
V  [jvm.dll+0x857a1e]
V  [jvm.dll+0x85940e]
V  [jvm.dll+0x859ac3]
V  [jvm.dll+0x28291f]
V  [jvm.dll+0xc9b5f]
V  [jvm.dll+0xc9ee5]
V  [jvm.dll+0x3bcbac]
V  [jvm.dll+0x386201]
V  [jvm.dll+0x38567a]
V  [jvm.dll+0x24c2c9]
V  [jvm.dll+0x24b671]
V  [jvm.dll+0x1d6d61]
V  [jvm.dll+0x25b0fa]
V  [jvm.dll+0x259588]
V  [jvm.dll+0x807928]
V  [jvm.dll+0x8015fa]
V  [jvm.dll+0x6ed5eb]
C  [ucrtbase.dll+0x21bb2]
C  [KERNEL32.DLL+0x17344]
C  [ntdll.dll+0x526b1]


---------------  P R O C E S S  ---------------

Threads class SMR info:
_java_thread_list=0x0000021bb3647bd0, length=22, elements={
0x0000021bae137af0, 0x0000021bae138a80, 0x0000021bae13b2c0, 0x0000021bae13dc00,
0x0000021bae1406e0, 0x0000021bae141ca0, 0x0000021bae162a50, 0x0000021bae178170,
0x0000021bae188b20, 0x0000021bb2515d70, 0x0000021bb252ede0, 0x0000021bb252f330,
0x0000021bb2533750, 0x0000021bb253d970, 0x0000021bb27b1270, 0x0000021bb277bca0,
0x0000021bb277da30, 0x0000021bb326c370, 0x0000021b8fa4ec10, 0x0000021bb327fc90,
0x0000021bb3639b80, 0x0000021bb363b0c0
}

Java Threads: ( => current thread )
  0x0000021bae137af0 JavaThread "Reference Handler" daemon [_thread_blocked, id=79280, stack(0x000000b1be200000,0x000000b1be300000)]
  0x0000021bae138a80 JavaThread "Finalizer" daemon [_thread_blocked, id=94452, stack(0x000000b1be300000,0x000000b1be400000)]
  0x0000021bae13b2c0 JavaThread "Signal Dispatcher" daemon [_thread_blocked, id=96192, stack(0x000000b1be400000,0x000000b1be500000)]
  0x0000021bae13dc00 JavaThread "Attach Listener" daemon [_thread_blocked, id=95324, stack(0x000000b1be500000,0x000000b1be600000)]
  0x0000021bae1406e0 JavaThread "Service Thread" daemon [_thread_blocked, id=98032, stack(0x000000b1be600000,0x000000b1be700000)]
  0x0000021bae141ca0 JavaThread "Monitor Deflation Thread" daemon [_thread_blocked, id=99668, stack(0x000000b1be700000,0x000000b1be800000)]
=>0x0000021bae162a50 JavaThread "C2 CompilerThread0" daemon [_thread_in_native, id=98896, stack(0x000000b1be800000,0x000000b1be900000)]
  0x0000021bae178170 JavaThread "C1 CompilerThread0" daemon [_thread_in_native, id=99592, stack(0x000000b1be900000,0x000000b1bea00000)]
  0x0000021bae188b20 JavaThread "Sweeper thread" daemon [_thread_blocked, id=77176, stack(0x000000b1bea00000,0x000000b1beb00000)]
  0x0000021bb2515d70 JavaThread "JDWP Transport Listener: dt_socket" daemon [_thread_blocked, id=96128, stack(0x000000b1beb00000,0x000000b1bec00000)]
  0x0000021bb252ede0 JavaThread "JDWP Event Helper Thread" daemon [_thread_blocked, id=89252, stack(0x000000b1bec00000,0x000000b1bed00000)]
  0x0000021bb252f330 JavaThread "JDWP Command Reader" daemon [_thread_in_native, id=85320, stack(0x000000b1bed00000,0x000000b1bee00000)]
  0x0000021bb2533750 JavaThread "Notification Thread" daemon [_thread_blocked, id=98224, stack(0x000000b1bee00000,0x000000b1bef00000)]
  0x0000021bb253d970 JavaThread "Common-Cleaner" daemon [_thread_blocked, id=100128, stack(0x000000b1bf000000,0x000000b1bf100000)]
  0x0000021bb27b1270 JavaThread "Java2D Disposer" daemon [_thread_blocked, id=95332, stack(0x000000b1bf100000,0x000000b1bf200000)]
  0x0000021bb277bca0 JavaThread "AWT-Shutdown" [_thread_blocked, id=79640, stack(0x000000b1bf200000,0x000000b1bf300000)]
  0x0000021bb277da30 JavaThread "AWT-Windows" daemon [_thread_in_native, id=98048, stack(0x000000b1bf300000,0x000000b1bf400000)]
  0x0000021bb326c370 JavaThread "AWT-EventQueue-0" [_thread_in_Java, id=65980, stack(0x000000b1bf400000,0x000000b1bf500000)]
  0x0000021b8fa4ec10 JavaThread "DestroyJavaVM" [_thread_blocked, id=98872, stack(0x000000b1bdb00000,0x000000b1bdc00000)]
  0x0000021bb327fc90 JavaThread "org.netbeans.modules.debugger.jpda.visual AWT Access Loop" daemon [_thread_blocked, id=26468, stack(0x000000b1bf500000,0x000000b1bf600000)]
  0x0000021bb3639b80 JavaThread "TimerQueue" daemon [_thread_blocked, id=100160, stack(0x000000b1bf600000,0x000000b1bf700000)]
  0x0000021bb363b0c0 JavaThread "Image Fetcher 0" daemon [_thread_blocked, id=94884, stack(0x000000b1bf700000,0x000000b1bf800000)]

Other Threads:
  0x0000021bae11bfb0 VMThread "VM Thread" [stack: 0x000000b1be100000,0x000000b1be200000] [id=88652]
  0x0000021bb25344a0 WatcherThread "VM Periodic Task Thread" [stack: 0x000000b1bef00000,0x000000b1bf000000] [id=96420]
  0x0000021b8faac600 WorkerThread "GC Thread#0" [stack: 0x000000b1bdc00000,0x000000b1bdd00000] [id=93888]
  0x0000021b8fabdf60 ConcurrentGCThread "G1 Main Marker" [stack: 0x000000b1bdd00000,0x000000b1bde00000] [id=98824]
  0x0000021b8fabf040 WorkerThread "G1 Conc#0" [stack: 0x000000b1bde00000,0x000000b1bdf00000] [id=94560]
  0x0000021b8fb1dfd0 ConcurrentGCThread "G1 Refine#0" [stack: 0x000000b1bdf00000,0x000000b1be000000] [id=94792]
  0x0000021b8fb1ea20 ConcurrentGCThread "G1 Service" [stack: 0x000000b1be000000,0x000000b1be100000] [id=93552]

Threads with active compile tasks:
C2 CompilerThread0     1269  961 % !   4       sun.awt.image.PNGImageDecoder::produceImage @ 960 (1917 bytes)
C1 CompilerThread0     1270 1052       3       javax.swing.plaf.synth.SynthLookAndFeel::updateStyle (44 bytes)

VM state: not at safepoint (normal execution)

VM Mutex/Monitor currently owned by a thread: None

Heap address: 0x0000000083600000, size: 1994 MB, Compressed Oops mode: 32-bit

CDS archive(s) mapped at: [0x0000000800000000-0x0000000800c40000-0x0000000800c40000), size 12845056, SharedBaseAddress: 0x0000000800000000, ArchiveRelocationMode: 0.
Compressed class space mapped at: 0x0000000801000000-0x0000000841000000, reserved size: 1073741824
Narrow klass base: 0x0000000800000000, Narrow klass shift: 0, Narrow klass range: 0x100000000

GC Precious Log:
 CardTable entry size: 512
 Card Set container configuration: InlinePtr #cards 5 size 8 Array Of Cards #cards 12 size 40 Howl #buckets 4 coarsen threshold 1843 Howl Bitmap #cards 512 size 80 coarsen threshold 460 Card regions per heap region 1 cards per card region 2048
 CPUs: 8 total, 8 available
 Memory: 7975M
 Large Page Support: Disabled
 NUMA Support: Disabled
 Compressed Oops: Enabled (32-bit)
 Heap Region Size: 1M
 Heap Min Capacity: 8M
 Heap Initial Capacity: 126M
 Heap Max Capacity: 1994M
 Pre-touch: Disabled
 Parallel Workers: 8
 Concurrent Workers: 2
 Concurrent Refinement Workers: 8
 Periodic GC: Disabled

Heap:
 garbage-first heap   total 129024K, used 9216K [0x0000000083600000, 0x0000000100000000)
  region size 1024K, 11 young (11264K), 0 survivors (0K)
 Metaspace       used 11157K, committed 11392K, reserved 1114112K
  class space    used 1300K, committed 1408K, reserved 1048576K

Heap Regions: E=young(eden), S=young(survivor), O=old, HS=humongous(starts), HC=humongous(continues), CS=collection set, F=free, OA=open archive, CA=closed archive, TAMS=top-at-mark-start (previous, next)
|   0|0x0000000083600000, 0x0000000083600000, 0x0000000083700000|  0%| F|  |TAMS 0x0000000083600000, 0x0000000083600000| Untracked 
|   1|0x0000000083700000, 0x0000000083700000, 0x0000000083800000|  0%| F|  |TAMS 0x0000000083700000, 0x0000000083700000| Untracked 
|   2|0x0000000083800000, 0x0000000083800000, 0x0000000083900000|  0%| F|  |TAMS 0x0000000083800000, 0x0000000083800000| Untracked 
|   3|0x0000000083900000, 0x0000000083900000, 0x0000000083a00000|  0%| F|  |TAMS 0x0000000083900000, 0x0000000083900000| Untracked 
|   4|0x0000000083a00000, 0x0000000083a00000, 0x0000000083b00000|  0%| F|  |TAMS 0x0000000083a00000, 0x0000000083a00000| Untracked 
|   5|0x0000000083b00000, 0x0000000083b00000, 0x0000000083c00000|  0%| F|  |TAMS 0x0000000083b00000, 0x0000000083b00000| Untracked 
|   6|0x0000000083c00000, 0x0000000083c00000, 0x0000000083d00000|  0%| F|  |TAMS 0x0000000083c00000, 0x0000000083c00000| Untracked 
|   7|0x0000000083d00000, 0x0000000083d00000, 0x0000000083e00000|  0%| F|  |TAMS 0x0000000083d00000, 0x0000000083d00000| Untracked 
|   8|0x0000000083e00000, 0x0000000083e00000, 0x0000000083f00000|  0%| F|  |TAMS 0x0000000083e00000, 0x0000000083e00000| Untracked 
|   9|0x0000000083f00000, 0x0000000083f00000, 0x0000000084000000|  0%| F|  |TAMS 0x0000000083f00000, 0x0000000083f00000| Untracked 
|  10|0x0000000084000000, 0x0000000084000000, 0x0000000084100000|  0%| F|  |TAMS 0x0000000084000000, 0x0000000084000000| Untracked 
|  11|0x0000000084100000, 0x0000000084100000, 0x0000000084200000|  0%| F|  |TAMS 0x0000000084100000, 0x0000000084100000| Untracked 
|  12|0x0000000084200000, 0x0000000084200000, 0x0000000084300000|  0%| F|  |TAMS 0x0000000084200000, 0x0000000084200000| Untracked 
|  13|0x0000000084300000, 0x0000000084300000, 0x0000000084400000|  0%| F|  |TAMS 0x0000000084300000, 0x0000000084300000| Untracked 
|  14|0x0000000084400000, 0x0000000084400000, 0x0000000084500000|  0%| F|  |TAMS 0x0000000084400000, 0x0000000084400000| Untracked 
|  15|0x0000000084500000, 0x0000000084500000, 0x0000000084600000|  0%| F|  |TAMS 0x0000000084500000, 0x0000000084500000| Untracked 
|  16|0x0000000084600000, 0x0000000084600000, 0x0000000084700000|  0%| F|  |TAMS 0x0000000084600000, 0x0000000084600000| Untracked 
|  17|0x0000000084700000, 0x0000000084700000, 0x0000000084800000|  0%| F|  |TAMS 0x0000000084700000, 0x0000000084700000| Untracked 
|  18|0x0000000084800000, 0x0000000084800000, 0x0000000084900000|  0%| F|  |TAMS 0x0000000084800000, 0x0000000084800000| Untracked 
|  19|0x0000000084900000, 0x0000000084900000, 0x0000000084a00000|  0%| F|  |TAMS 0x0000000084900000, 0x0000000084900000| Untracked 
|  20|0x0000000084a00000, 0x0000000084a00000, 0x0000000084b00000|  0%| F|  |TAMS 0x0000000084a00000, 0x0000000084a00000| Untracked 
|  21|0x0000000084b00000, 0x0000000084b00000, 0x0000000084c00000|  0%| F|  |TAMS 0x0000000084b00000, 0x0000000084b00000| Untracked 
|  22|0x0000000084c00000, 0x0000000084c00000, 0x0000000084d00000|  0%| F|  |TAMS 0x0000000084c00000, 0x0000000084c00000| Untracked 
|  23|0x0000000084d00000, 0x0000000084d00000, 0x0000000084e00000|  0%| F|  |TAMS 0x0000000084d00000, 0x0000000084d00000| Untracked 
|  24|0x0000000084e00000, 0x0000000084e00000, 0x0000000084f00000|  0%| F|  |TAMS 0x0000000084e00000, 0x0000000084e00000| Untracked 
|  25|0x0000000084f00000, 0x0000000084f00000, 0x0000000085000000|  0%| F|  |TAMS 0x0000000084f00000, 0x0000000084f00000| Untracked 
|  26|0x0000000085000000, 0x0000000085000000, 0x0000000085100000|  0%| F|  |TAMS 0x0000000085000000, 0x0000000085000000| Untracked 
|  27|0x0000000085100000, 0x0000000085100000, 0x0000000085200000|  0%| F|  |TAMS 0x0000000085100000, 0x0000000085100000| Untracked 
|  28|0x0000000085200000, 0x0000000085200000, 0x0000000085300000|  0%| F|  |TAMS 0x0000000085200000, 0x0000000085200000| Untracked 
|  29|0x0000000085300000, 0x0000000085300000, 0x0000000085400000|  0%| F|  |TAMS 0x0000000085300000, 0x0000000085300000| Untracked 
|  30|0x0000000085400000, 0x0000000085400000, 0x0000000085500000|  0%| F|  |TAMS 0x0000000085400000, 0x0000000085400000| Untracked 
|  31|0x0000000085500000, 0x0000000085500000, 0x0000000085600000|  0%| F|  |TAMS 0x0000000085500000, 0x0000000085500000| Untracked 
|  32|0x0000000085600000, 0x0000000085600000, 0x0000000085700000|  0%| F|  |TAMS 0x0000000085600000, 0x0000000085600000| Untracked 
|  33|0x0000000085700000, 0x0000000085700000, 0x0000000085800000|  0%| F|  |TAMS 0x0000000085700000, 0x0000000085700000| Untracked 
|  34|0x0000000085800000, 0x0000000085800000, 0x0000000085900000|  0%| F|  |TAMS 0x0000000085800000, 0x0000000085800000| Untracked 
|  35|0x0000000085900000, 0x0000000085900000, 0x0000000085a00000|  0%| F|  |TAMS 0x0000000085900000, 0x0000000085900000| Untracked 
|  36|0x0000000085a00000, 0x0000000085a00000, 0x0000000085b00000|  0%| F|  |TAMS 0x0000000085a00000, 0x0000000085a00000| Untracked 
|  37|0x0000000085b00000, 0x0000000085b00000, 0x0000000085c00000|  0%| F|  |TAMS 0x0000000085b00000, 0x0000000085b00000| Untracked 
|  38|0x0000000085c00000, 0x0000000085c00000, 0x0000000085d00000|  0%| F|  |TAMS 0x0000000085c00000, 0x0000000085c00000| Untracked 
|  39|0x0000000085d00000, 0x0000000085d00000, 0x0000000085e00000|  0%| F|  |TAMS 0x0000000085d00000, 0x0000000085d00000| Untracked 
|  40|0x0000000085e00000, 0x0000000085e00000, 0x0000000085f00000|  0%| F|  |TAMS 0x0000000085e00000, 0x0000000085e00000| Untracked 
|  41|0x0000000085f00000, 0x0000000085f00000, 0x0000000086000000|  0%| F|  |TAMS 0x0000000085f00000, 0x0000000085f00000| Untracked 
|  42|0x0000000086000000, 0x0000000086000000, 0x0000000086100000|  0%| F|  |TAMS 0x0000000086000000, 0x0000000086000000| Untracked 
|  43|0x0000000086100000, 0x0000000086100000, 0x0000000086200000|  0%| F|  |TAMS 0x0000000086100000, 0x0000000086100000| Untracked 
|  44|0x0000000086200000, 0x0000000086200000, 0x0000000086300000|  0%| F|  |TAMS 0x0000000086200000, 0x0000000086200000| Untracked 
|  45|0x0000000086300000, 0x0000000086300000, 0x0000000086400000|  0%| F|  |TAMS 0x0000000086300000, 0x0000000086300000| Untracked 
|  46|0x0000000086400000, 0x0000000086400000, 0x0000000086500000|  0%| F|  |TAMS 0x0000000086400000, 0x0000000086400000| Untracked 
|  47|0x0000000086500000, 0x0000000086500000, 0x0000000086600000|  0%| F|  |TAMS 0x0000000086500000, 0x0000000086500000| Untracked 
|  48|0x0000000086600000, 0x0000000086600000, 0x0000000086700000|  0%| F|  |TAMS 0x0000000086600000, 0x0000000086600000| Untracked 
|  49|0x0000000086700000, 0x0000000086700000, 0x0000000086800000|  0%| F|  |TAMS 0x0000000086700000, 0x0000000086700000| Untracked 
|  50|0x0000000086800000, 0x0000000086800000, 0x0000000086900000|  0%| F|  |TAMS 0x0000000086800000, 0x0000000086800000| Untracked 
|  51|0x0000000086900000, 0x0000000086900000, 0x0000000086a00000|  0%| F|  |TAMS 0x0000000086900000, 0x0000000086900000| Untracked 
|  52|0x0000000086a00000, 0x0000000086a00000, 0x0000000086b00000|  0%| F|  |TAMS 0x0000000086a00000, 0x0000000086a00000| Untracked 
|  53|0x0000000086b00000, 0x0000000086b00000, 0x0000000086c00000|  0%| F|  |TAMS 0x0000000086b00000, 0x0000000086b00000| Untracked 
|  54|0x0000000086c00000, 0x0000000086c00000, 0x0000000086d00000|  0%| F|  |TAMS 0x0000000086c00000, 0x0000000086c00000| Untracked 
|  55|0x0000000086d00000, 0x0000000086d00000, 0x0000000086e00000|  0%| F|  |TAMS 0x0000000086d00000, 0x0000000086d00000| Untracked 
|  56|0x0000000086e00000, 0x0000000086e00000, 0x0000000086f00000|  0%| F|  |TAMS 0x0000000086e00000, 0x0000000086e00000| Untracked 
|  57|0x0000000086f00000, 0x0000000086f00000, 0x0000000087000000|  0%| F|  |TAMS 0x0000000086f00000, 0x0000000086f00000| Untracked 
|  58|0x0000000087000000, 0x0000000087000000, 0x0000000087100000|  0%| F|  |TAMS 0x0000000087000000, 0x0000000087000000| Untracked 
|  59|0x0000000087100000, 0x0000000087100000, 0x0000000087200000|  0%| F|  |TAMS 0x0000000087100000, 0x0000000087100000| Untracked 
|  60|0x0000000087200000, 0x0000000087200000, 0x0000000087300000|  0%| F|  |TAMS 0x0000000087200000, 0x0000000087200000| Untracked 
|  61|0x0000000087300000, 0x0000000087300000, 0x0000000087400000|  0%| F|  |TAMS 0x0000000087300000, 0x0000000087300000| Untracked 
|  62|0x0000000087400000, 0x0000000087400000, 0x0000000087500000|  0%| F|  |TAMS 0x0000000087400000, 0x0000000087400000| Untracked 
|  63|0x0000000087500000, 0x0000000087500000, 0x0000000087600000|  0%| F|  |TAMS 0x0000000087500000, 0x0000000087500000| Untracked 
|  64|0x0000000087600000, 0x0000000087600000, 0x0000000087700000|  0%| F|  |TAMS 0x0000000087600000, 0x0000000087600000| Untracked 
|  65|0x0000000087700000, 0x0000000087700000, 0x0000000087800000|  0%| F|  |TAMS 0x0000000087700000, 0x0000000087700000| Untracked 
|  66|0x0000000087800000, 0x0000000087800000, 0x0000000087900000|  0%| F|  |TAMS 0x0000000087800000, 0x0000000087800000| Untracked 
|  67|0x0000000087900000, 0x0000000087900000, 0x0000000087a00000|  0%| F|  |TAMS 0x0000000087900000, 0x0000000087900000| Untracked 
|  68|0x0000000087a00000, 0x0000000087a00000, 0x0000000087b00000|  0%| F|  |TAMS 0x0000000087a00000, 0x0000000087a00000| Untracked 
|  69|0x0000000087b00000, 0x0000000087b00000, 0x0000000087c00000|  0%| F|  |TAMS 0x0000000087b00000, 0x0000000087b00000| Untracked 
|  70|0x0000000087c00000, 0x0000000087c00000, 0x0000000087d00000|  0%| F|  |TAMS 0x0000000087c00000, 0x0000000087c00000| Untracked 
|  71|0x0000000087d00000, 0x0000000087d00000, 0x0000000087e00000|  0%| F|  |TAMS 0x0000000087d00000, 0x0000000087d00000| Untracked 
|  72|0x0000000087e00000, 0x0000000087e00000, 0x0000000087f00000|  0%| F|  |TAMS 0x0000000087e00000, 0x0000000087e00000| Untracked 
|  73|0x0000000087f00000, 0x0000000087f00000, 0x0000000088000000|  0%| F|  |TAMS 0x0000000087f00000, 0x0000000087f00000| Untracked 
|  74|0x0000000088000000, 0x0000000088000000, 0x0000000088100000|  0%| F|  |TAMS 0x0000000088000000, 0x0000000088000000| Untracked 
|  75|0x0000000088100000, 0x0000000088100000, 0x0000000088200000|  0%| F|  |TAMS 0x0000000088100000, 0x0000000088100000| Untracked 
|  76|0x0000000088200000, 0x0000000088200000, 0x0000000088300000|  0%| F|  |TAMS 0x0000000088200000, 0x0000000088200000| Untracked 
|  77|0x0000000088300000, 0x0000000088300000, 0x0000000088400000|  0%| F|  |TAMS 0x0000000088300000, 0x0000000088300000| Untracked 
|  78|0x0000000088400000, 0x0000000088400000, 0x0000000088500000|  0%| F|  |TAMS 0x0000000088400000, 0x0000000088400000| Untracked 
|  79|0x0000000088500000, 0x0000000088500000, 0x0000000088600000|  0%| F|  |TAMS 0x0000000088500000, 0x0000000088500000| Untracked 
|  80|0x0000000088600000, 0x0000000088600000, 0x0000000088700000|  0%| F|  |TAMS 0x0000000088600000, 0x0000000088600000| Untracked 
|  81|0x0000000088700000, 0x0000000088700000, 0x0000000088800000|  0%| F|  |TAMS 0x0000000088700000, 0x0000000088700000| Untracked 
|  82|0x0000000088800000, 0x0000000088800000, 0x0000000088900000|  0%| F|  |TAMS 0x0000000088800000, 0x0000000088800000| Untracked 
|  83|0x0000000088900000, 0x0000000088900000, 0x0000000088a00000|  0%| F|  |TAMS 0x0000000088900000, 0x0000000088900000| Untracked 
|  84|0x0000000088a00000, 0x0000000088a00000, 0x0000000088b00000|  0%| F|  |TAMS 0x0000000088a00000, 0x0000000088a00000| Untracked 
|  85|0x0000000088b00000, 0x0000000088b00000, 0x0000000088c00000|  0%| F|  |TAMS 0x0000000088b00000, 0x0000000088b00000| Untracked 
|  86|0x0000000088c00000, 0x0000000088c00000, 0x0000000088d00000|  0%| F|  |TAMS 0x0000000088c00000, 0x0000000088c00000| Untracked 
|  87|0x0000000088d00000, 0x0000000088d00000, 0x0000000088e00000|  0%| F|  |TAMS 0x0000000088d00000, 0x0000000088d00000| Untracked 
|  88|0x0000000088e00000, 0x0000000088e00000, 0x0000000088f00000|  0%| F|  |TAMS 0x0000000088e00000, 0x0000000088e00000| Untracked 
|  89|0x0000000088f00000, 0x0000000088f00000, 0x0000000089000000|  0%| F|  |TAMS 0x0000000088f00000, 0x0000000088f00000| Untracked 
|  90|0x0000000089000000, 0x0000000089000000, 0x0000000089100000|  0%| F|  |TAMS 0x0000000089000000, 0x0000000089000000| Untracked 
|  91|0x0000000089100000, 0x0000000089100000, 0x0000000089200000|  0%| F|  |TAMS 0x0000000089100000, 0x0000000089100000| Untracked 
|  92|0x0000000089200000, 0x0000000089200000, 0x0000000089300000|  0%| F|  |TAMS 0x0000000089200000, 0x0000000089200000| Untracked 
|  93|0x0000000089300000, 0x0000000089300000, 0x0000000089400000|  0%| F|  |TAMS 0x0000000089300000, 0x0000000089300000| Untracked 
|  94|0x0000000089400000, 0x0000000089400000, 0x0000000089500000|  0%| F|  |TAMS 0x0000000089400000, 0x0000000089400000| Untracked 
|  95|0x0000000089500000, 0x0000000089500000, 0x0000000089600000|  0%| F|  |TAMS 0x0000000089500000, 0x0000000089500000| Untracked 
|  96|0x0000000089600000, 0x0000000089600000, 0x0000000089700000|  0%| F|  |TAMS 0x0000000089600000, 0x0000000089600000| Untracked 
|  97|0x0000000089700000, 0x0000000089700000, 0x0000000089800000|  0%| F|  |TAMS 0x0000000089700000, 0x0000000089700000| Untracked 
|  98|0x0000000089800000, 0x0000000089800000, 0x0000000089900000|  0%| F|  |TAMS 0x0000000089800000, 0x0000000089800000| Untracked 
|  99|0x0000000089900000, 0x0000000089900000, 0x0000000089a00000|  0%| F|  |TAMS 0x0000000089900000, 0x0000000089900000| Untracked 
| 100|0x0000000089a00000, 0x0000000089a00000, 0x0000000089b00000|  0%| F|  |TAMS 0x0000000089a00000, 0x0000000089a00000| Untracked 
| 101|0x0000000089b00000, 0x0000000089b00000, 0x0000000089c00000|  0%| F|  |TAMS 0x0000000089b00000, 0x0000000089b00000| Untracked 
| 102|0x0000000089c00000, 0x0000000089c00000, 0x0000000089d00000|  0%| F|  |TAMS 0x0000000089c00000, 0x0000000089c00000| Untracked 
| 103|0x0000000089d00000, 0x0000000089d00000, 0x0000000089e00000|  0%| F|  |TAMS 0x0000000089d00000, 0x0000000089d00000| Untracked 
| 104|0x0000000089e00000, 0x0000000089e00000, 0x0000000089f00000|  0%| F|  |TAMS 0x0000000089e00000, 0x0000000089e00000| Untracked 
| 105|0x0000000089f00000, 0x0000000089f00000, 0x000000008a000000|  0%| F|  |TAMS 0x0000000089f00000, 0x0000000089f00000| Untracked 
| 106|0x000000008a000000, 0x000000008a000000, 0x000000008a100000|  0%| F|  |TAMS 0x000000008a000000, 0x000000008a000000| Untracked 
| 107|0x000000008a100000, 0x000000008a100000, 0x000000008a200000|  0%| F|  |TAMS 0x000000008a100000, 0x000000008a100000| Untracked 
| 108|0x000000008a200000, 0x000000008a200000, 0x000000008a300000|  0%| F|  |TAMS 0x000000008a200000, 0x000000008a200000| Untracked 
| 109|0x000000008a300000, 0x000000008a300000, 0x000000008a400000|  0%| F|  |TAMS 0x000000008a300000, 0x000000008a300000| Untracked 
| 110|0x000000008a400000, 0x000000008a400000, 0x000000008a500000|  0%| F|  |TAMS 0x000000008a400000, 0x000000008a400000| Untracked 
| 111|0x000000008a500000, 0x000000008a500000, 0x000000008a600000|  0%| F|  |TAMS 0x000000008a500000, 0x000000008a500000| Untracked 
| 112|0x000000008a600000, 0x000000008a600000, 0x000000008a700000|  0%| F|  |TAMS 0x000000008a600000, 0x000000008a600000| Untracked 
| 113|0x000000008a700000, 0x000000008a700000, 0x000000008a800000|  0%| F|  |TAMS 0x000000008a700000, 0x000000008a700000| Untracked 
| 114|0x000000008a800000, 0x000000008a800000, 0x000000008a900000|  0%| F|  |TAMS 0x000000008a800000, 0x000000008a800000| Untracked 
| 115|0x000000008a900000, 0x000000008aa00000, 0x000000008aa00000|100%| E|  |TAMS 0x000000008a900000, 0x000000008a900000| Complete 
| 116|0x000000008aa00000, 0x000000008ab00000, 0x000000008ab00000|100%| E|  |TAMS 0x000000008aa00000, 0x000000008aa00000| Complete 
| 117|0x000000008ab00000, 0x000000008ac00000, 0x000000008ac00000|100%| E|CS|TAMS 0x000000008ab00000, 0x000000008ab00000| Complete 
| 118|0x000000008ac00000, 0x000000008ad00000, 0x000000008ad00000|100%| E|CS|TAMS 0x000000008ac00000, 0x000000008ac00000| Complete 
| 119|0x000000008ad00000, 0x000000008ae00000, 0x000000008ae00000|100%| E|CS|TAMS 0x000000008ad00000, 0x000000008ad00000| Complete 
| 120|0x000000008ae00000, 0x000000008af00000, 0x000000008af00000|100%| E|CS|TAMS 0x000000008ae00000, 0x000000008ae00000| Complete 
| 121|0x000000008af00000, 0x000000008b000000, 0x000000008b000000|100%| E|CS|TAMS 0x000000008af00000, 0x000000008af00000| Complete 
| 122|0x000000008b000000, 0x000000008b100000, 0x000000008b100000|100%| E|CS|TAMS 0x000000008b000000, 0x000000008b000000| Complete 
| 123|0x000000008b100000, 0x000000008b200000, 0x000000008b200000|100%| E|CS|TAMS 0x000000008b100000, 0x000000008b100000| Complete 
| 124|0x000000008b200000, 0x000000008b300000, 0x000000008b300000|100%| E|CS|TAMS 0x000000008b200000, 0x000000008b200000| Complete 
| 125|0x000000008b300000, 0x000000008b400000, 0x000000008b400000|100%| E|CS|TAMS 0x000000008b300000, 0x000000008b300000| Complete 

Card table byte_map: [0x0000021ba70d0000,0x0000021ba74c0000] _byte_map_base: 0x0000021ba6cb5000

Marking Bits (Prev, Next): (CMBitMap*) 0x0000021b8faadb50, (CMBitMap*) 0x0000021b8faadb90
 Prev Bits: [0x0000021ba78b0000, 0x0000021ba97d8000)
 Next Bits: [0x0000021ba97e0000, 0x0000021bab708000)

Polling page: 0x0000021b8f220000

Metaspace:

Usage:
  Non-class:      9.70 MB used.
      Class:      1.28 MB used.
       Both:     10.98 MB used.

Virtual space:
  Non-class space:       64.00 MB reserved,       9.81 MB ( 15%) committed,  1 nodes.
      Class space:        1.00 GB reserved,       1.38 MB ( <1%) committed,  1 nodes.
             Both:        1.06 GB reserved,      11.19 MB (  1%) committed. 

Chunk freelists:
   Non-Class:  2.20 MB
       Class:  2.59 MB
        Both:  4.79 MB

MaxMetaspaceSize: unlimited
CompressedClassSpaceSize: 1.00 GB
Initial GC threshold: 21.00 MB
Current GC threshold: 21.00 MB
CDS: on
MetaspaceReclaimPolicy: balanced
 - commit_granule_bytes: 65536.
 - commit_granule_words: 8192.
 - virtual_space_node_default_size: 8388608.
 - enlarge_chunks_in_place: 1.
 - new_chunks_are_fully_committed: 0.
 - uncommit_free_chunks: 1.
 - use_allocation_guard: 0.


Internal statistics:

num_allocs_failed_limit: 0.
num_arena_births: 170.
num_arena_deaths: 0.
num_vsnodes_births: 2.
num_vsnodes_deaths: 0.
num_space_committed: 179.
num_space_uncommitted: 0.
num_chunks_returned_to_freelist: 0.
num_chunks_taken_from_freelist: 218.
num_chunk_merges: 0.
num_chunk_splits: 135.
num_chunks_enlarged: 72.
num_inconsistent_stats: 0.

CodeHeap 'non-profiled nmethods': size=120000Kb used=278Kb max_used=278Kb free=119721Kb
 bounds [0x0000021b9f480000, 0x0000021b9f6f0000, 0x0000021ba69b0000]
CodeHeap 'profiled nmethods': size=120000Kb used=1938Kb max_used=1938Kb free=118061Kb
 bounds [0x0000021b979b0000, 0x0000021b97c20000, 0x0000021b9eee0000]
CodeHeap 'non-nmethods': size=5760Kb used=1466Kb max_used=1466Kb free=4293Kb
 bounds [0x0000021b9eee0000, 0x0000021b9f150000, 0x0000021b9f480000]
 total_blobs=1695 nmethods=1056 adapters=550
 compilation: enabled
              stopped_count=0, restarted_count=0
 full_count=0

Compilation events (20 events):
Event: 1.231 Thread 0x0000021bae178170 nmethod 1007 0x0000021b97b80390 code [0x0000021b97b80560, 0x0000021b97b80a58]
Event: 1.231 Thread 0x0000021bae178170 1008       3       sun.java2d.loops.GraphicsPrimitiveMgr$1::compare (18 bytes)
Event: 1.231 Thread 0x0000021bae178170 nmethod 1008 0x0000021b97b80c10 code [0x0000021b97b80de0, 0x0000021b97b81078]
Event: 1.231 Thread 0x0000021bae178170 1009       3       sun.java2d.loops.GraphicsPrimitiveMgr$2::compare (24 bytes)
Event: 1.232 Thread 0x0000021bae178170 nmethod 1009 0x0000021b97b81190 code [0x0000021b97b81360, 0x0000021b97b817d8]
Event: 1.232 Thread 0x0000021bae178170 1011       1       sun.java2d.loops.CompositeType::getSuperType (5 bytes)
Event: 1.232 Thread 0x0000021bae178170 nmethod 1011 0x0000021b9f4c2c10 code [0x0000021b9f4c2da0, 0x0000021b9f4c2e58]
Event: 1.232 Thread 0x0000021bae178170 1012       3       java.util.Arrays::binarySearch0 (95 bytes)
Event: 1.232 Thread 0x0000021bae178170 nmethod 1012 0x0000021b97b81910 code [0x0000021b97b81b00, 0x0000021b97b81f58]
Event: 1.232 Thread 0x0000021bae178170 1013       3       sun.java2d.loops.GraphicsPrimitiveMgr::locate (104 bytes)
Event: 1.233 Thread 0x0000021bae178170 nmethod 1013 0x0000021b97b82110 code [0x0000021b97b82360, 0x0000021b97b82dd8]
Event: 1.233 Thread 0x0000021bae178170 1014       3       java.util.Arrays::binarySearch (10 bytes)
Event: 1.233 Thread 0x0000021bae178170 nmethod 1014 0x0000021b97b83090 code [0x0000021b97b83240, 0x0000021b97b83388]
Event: 1.233 Thread 0x0000021bae178170 1015       1       sun.java2d.loops.SurfaceType::getSuperType (5 bytes)
Event: 1.233 Thread 0x0000021bae178170 nmethod 1015 0x0000021b9f4c2f10 code [0x0000021b9f4c30a0, 0x0000021b9f4c3158]
Event: 1.239 Thread 0x0000021bae178170 1017       3       jdk.internal.loader.NativeLibraries$NativeLibraryImpl::find (9 bytes)
Event: 1.239 Thread 0x0000021bae178170 nmethod 1017 0x0000021b97b83490 code [0x0000021b97b83640, 0x0000021b97b83788]
Event: 1.239 Thread 0x0000021bae178170 1019       3       java.lang.invoke.LambdaFormEditor$TransformKey::inRange (36 bytes)
Event: 1.240 Thread 0x0000021bae178170 nmethod 1019 0x0000021b97b83810 code [0x0000021b97b839a0, 0x0000021b97b83af8]
Event: 1.240 Thread 0x0000021bae178170 1021       3       java.lang.invoke.LambdaFormEditor::getInCache (165 bytes)

GC Heap History (0 events):
No events

Dll operation events (9 events):
Event: 0.017 Loaded shared library C:\Program Files\Java\jdk-19\bin\java.dll
Event: 0.042 Loaded shared library C:\Program Files\Java\jdk-19\bin\jsvml.dll
Event: 0.177 Loaded shared library C:\Program Files\Java\jdk-19\bin\jimage.dll
Event: 0.221 Loaded shared library C:\Program Files\Java\jdk-19\bin\net.dll
Event: 0.222 Loaded shared library C:\Program Files\Java\jdk-19\bin\nio.dll
Event: 0.227 Loaded shared library C:\Program Files\Java\jdk-19\bin\zip.dll
Event: 0.247 Loaded shared library C:\Program Files\Java\jdk-19\bin\awt.dll
Event: 0.487 Loaded shared library C:\Program Files\Java\jdk-19\bin\freetype.dll
Event: 0.489 Loaded shared library C:\Program Files\Java\jdk-19\bin\fontmanager.dll

Deoptimization events (20 events):
Event: 1.172 Thread 0x0000021bb363b0c0 DEOPT PACKING pc=0x0000021b97b366d3 sp=0x000000b1bf7ff0f0
Event: 1.172 Thread 0x0000021bb363b0c0 DEOPT UNPACKING pc=0x0000021b9ef4b0e3 sp=0x000000b1bf7fe570 mode 0
Event: 1.172 Thread 0x0000021bb363b0c0 DEOPT PACKING pc=0x0000021b97b366d3 sp=0x000000b1bf7ff0f0
Event: 1.172 Thread 0x0000021bb363b0c0 DEOPT UNPACKING pc=0x0000021b9ef4b0e3 sp=0x000000b1bf7fe570 mode 0
Event: 1.173 Thread 0x0000021bb363b0c0 DEOPT PACKING pc=0x0000021b97b366d3 sp=0x000000b1bf7ff0f0
Event: 1.173 Thread 0x0000021bb363b0c0 DEOPT UNPACKING pc=0x0000021b9ef4b0e3 sp=0x000000b1bf7fe570 mode 0
Event: 1.174 Thread 0x0000021bb363b0c0 DEOPT PACKING pc=0x0000021b97b366d3 sp=0x000000b1bf7ff0f0
Event: 1.174 Thread 0x0000021bb363b0c0 DEOPT UNPACKING pc=0x0000021b9ef4b0e3 sp=0x000000b1bf7fe570 mode 0
Event: 1.181 Thread 0x0000021bb363b0c0 DEOPT PACKING pc=0x0000021b97b366d3 sp=0x000000b1bf7ff2c0
Event: 1.181 Thread 0x0000021bb363b0c0 DEOPT UNPACKING pc=0x0000021b9ef4b0e3 sp=0x000000b1bf7fe740 mode 0
Event: 1.183 Thread 0x0000021bb363b0c0 DEOPT PACKING pc=0x0000021b97b366d3 sp=0x000000b1bf7ff2c0
Event: 1.183 Thread 0x0000021bb363b0c0 DEOPT UNPACKING pc=0x0000021b9ef4b0e3 sp=0x000000b1bf7fe740 mode 0
Event: 1.203 Thread 0x0000021bb363b0c0 DEOPT PACKING pc=0x0000021b97b366d3 sp=0x000000b1bf7ff2c0
Event: 1.203 Thread 0x0000021bb363b0c0 DEOPT UNPACKING pc=0x0000021b9ef4b0e3 sp=0x000000b1bf7fe740 mode 0
Event: 1.203 Thread 0x0000021bb363b0c0 DEOPT PACKING pc=0x0000021b97b366d3 sp=0x000000b1bf7ff2c0
Event: 1.203 Thread 0x0000021bb363b0c0 DEOPT UNPACKING pc=0x0000021b9ef4b0e3 sp=0x000000b1bf7fe740 mode 0
Event: 1.204 Thread 0x0000021bb363b0c0 DEOPT PACKING pc=0x0000021b97b366d3 sp=0x000000b1bf7ff2c0
Event: 1.204 Thread 0x0000021bb363b0c0 DEOPT UNPACKING pc=0x0000021b9ef4b0e3 sp=0x000000b1bf7fe740 mode 0
Event: 1.204 Thread 0x0000021bb363b0c0 DEOPT PACKING pc=0x0000021b97b366d3 sp=0x000000b1bf7ff2c0
Event: 1.204 Thread 0x0000021bb363b0c0 DEOPT UNPACKING pc=0x0000021b9ef4b0e3 sp=0x000000b1bf7fe740 mode 0

Classes loaded (20 events):
Event: 1.234 Loading class sun/java2d/StateTracker$1
Event: 1.234 Loading class sun/java2d/StateTracker$1 done
Event: 1.234 Loading class sun/java2d/StateTracker$2
Event: 1.234 Loading class sun/java2d/StateTracker$2 done
Event: 1.235 Loading class java/awt/SystemColor
Event: 1.235 Loading class java/awt/SystemColor done
Event: 1.235 Loading class sun/awt/AWTAccessor$SystemColorAccessor
Event: 1.235 Loading class sun/awt/AWTAccessor$SystemColorAccessor done
Event: 1.237 Loading class sun/awt/windows/WFontPeer
Event: 1.237 Loading class sun/awt/PlatformFont
Event: 1.238 Loading class java/awt/peer/FontPeer
Event: 1.238 Loading class java/awt/peer/FontPeer done
Event: 1.238 Loading class sun/awt/PlatformFont done
Event: 1.238 Loading class sun/awt/windows/WFontPeer done
Event: 1.238 Loading class sun/awt/NativeLibLoader
Event: 1.238 Loading class sun/awt/NativeLibLoader done
Event: 1.238 Loading class sun/awt/NativeLibLoader$1
Event: 1.238 Loading class sun/awt/NativeLibLoader$1 done
Event: 1.239 Loading class sun/nio/cs/UTF_8$Encoder
Event: 1.240 Loading class sun/nio/cs/UTF_8$Encoder done

Classes unloaded (0 events):
No events

Classes redefined (0 events):
No events

Internal exceptions (20 events):
Event: 0.549 Thread 0x0000021b8fa4ec10 Exception <a 'java/lang/ClassNotFoundException'{0x000000008aea9288}: ToggleButton> (0x000000008aea9288) 
thrown [s\open\src\hotspot\share\classfile\systemDictionary.cpp, line 255]
Event: 0.549 Thread 0x0000021b8fa4ec10 Exception <a 'java/lang/ClassNotFoundException'{0x000000008aea96c8}: javax/swing/JToolBarSeparator> (0x000000008aea96c8) 
thrown [s\open\src\hotspot\share\classfile\systemDictionary.cpp, line 255]
Event: 0.549 Thread 0x0000021b8fa4ec10 Exception <a 'java/lang/ClassNotFoundException'{0x000000008aea99d8}: ToolBarSeparator> (0x000000008aea99d8) 
thrown [s\open\src\hotspot\share\classfile\systemDictionary.cpp, line 255]
Event: 0.549 Thread 0x0000021b8fa4ec10 Exception <a 'java/lang/ClassNotFoundException'{0x000000008aea9ef0}: ToolTip> (0x000000008aea9ef0) 
thrown [s\open\src\hotspot\share\classfile\systemDictionary.cpp, line 255]
Event: 0.550 Thread 0x0000021b8fa4ec10 Exception <a 'java/lang/ClassNotFoundException'{0x000000008aeaa448}: Tree> (0x000000008aeaa448) 
thrown [s\open\src\hotspot\share\classfile\systemDictionary.cpp, line 255]
Event: 0.550 Thread 0x0000021b8fa4ec10 Exception <a 'java/lang/ClassNotFoundException'{0x000000008aeaa940}: Tree> (0x000000008aeaa940) 
thrown [s\open\src\hotspot\share\classfile\systemDictionary.cpp, line 255]
Event: 0.550 Thread 0x0000021b8fa4ec10 Exception <a 'java/lang/ClassNotFoundException'{0x000000008aeaacb0}: javax/swing/JTreeCell> (0x000000008aeaacb0) 
thrown [s\open\src\hotspot\share\classfile\systemDictionary.cpp, line 255]
Event: 0.550 Thread 0x0000021b8fa4ec10 Exception <a 'java/lang/ClassNotFoundException'{0x000000008aeaafb8}: TreeCell> (0x000000008aeaafb8) 
thrown [s\open\src\hotspot\share\classfile\systemDictionary.cpp, line 255]
Event: 0.551 Thread 0x0000021b8fa4ec10 Exception <a 'java/lang/ClassNotFoundException'{0x000000008aeab770}: RootPane> (0x000000008aeab770) 
thrown [s\open\src\hotspot\share\classfile\systemDictionary.cpp, line 255]
Event: 0.555 Thread 0x0000021b8fa4ec10 Exception <a 'java/lang/ClassNotFoundException'{0x000000008aeae580}: com/sun/swing/internal/plaf/metal/resources/spi/metalProvider> (0x000000008aeae580) 
thrown [s\open\src\hotspot\share\classfile\systemDictionary.cpp, line 255]
Event: 0.556 Thread 0x0000021b8fa4ec10 Exception <a 'java/lang/ClassNotFoundException'{0x000000008aeb22a0}: com/sun/swing/internal/plaf/basic/resources/spi/basicProvider> (0x000000008aeb22a0) 
thrown [s\open\src\hotspot\share\classfile\systemDictionary.cpp, line 255]
Event: 0.744 Thread 0x0000021bb326c370 Exception <a 'java/lang/ClassNotFoundException'{0x000000008ad8f9e8}: com/sun/swing/internal/plaf/synth/resources/spi/synthProvider> (0x000000008ad8f9e8) 
thrown [s\open\src\hotspot\share\classfile\systemDictionary.cpp, line 255]
Event: 0.762 Thread 0x0000021bb326c370 Exception <a 'java/lang/NoSuchMethodError'{0x000000008add3848}: 'int java.lang.invoke.Invokers$Holder.invokeExact_MT(java.lang.Object, java.lang.Object)'> (0x000000008add3848) 
thrown [s\open\src\hotspot\share\interpreter\linkResolver.cpp, line 774]
Event: 0.768 Thread 0x0000021bb326c370 Exception <a 'java/lang/NoSuchMethodError'{0x000000008addc170}: 'java.lang.Object java.lang.invoke.DirectMethodHandle$Holder.newInvokeSpecial(java.lang.Object, java.lang.Object, int)'> (0x000000008addc170) 
thrown [s\open\src\hotspot\share\interpreter\linkResolver.cpp, line 774]
Event: 0.769 Thread 0x0000021bb326c370 Exception <a 'java/lang/NoSuchMethodError'{0x000000008ade13b8}: 'int java.lang.invoke.DirectMethodHandle$Holder.invokeSpecial(java.lang.Object, java.lang.Object, java.lang.Object, int)'> (0x000000008ade13b8) 
thrown [s\open\src\hotspot\share\interpreter\linkResolver.cpp, line 774]
Event: 0.771 Thread 0x0000021bb326c370 Exception <a 'java/lang/NoSuchMethodError'{0x000000008ac08020}: 'java.lang.Object java.lang.invoke.DirectMethodHandle$Holder.invokeStatic(java.lang.Object, java.lang.Object, java.lang.Object, java.lang.Object, int)'> (0x000000008ac08020) 
thrown [s\open\src\hotspot\share\interpreter\linkResolver.cpp, line 774]
Event: 0.772 Thread 0x0000021bb326c370 Exception <a 'java/lang/NoSuchMethodError'{0x000000008ac10b38}: 'int java.lang.invoke.DirectMethodHandle$Holder.invokeSpecial(java.lang.Object, java.lang.Object, java.lang.Object)'> (0x000000008ac10b38) 
thrown [s\open\src\hotspot\share\interpreter\linkResolver.cpp, line 774]
Event: 1.114 Thread 0x0000021bb363b0c0 Exception <a 'java/lang/NoSuchMethodError'{0x000000008aa11168}: 'java.lang.Object java.lang.invoke.DirectMethodHandle$Holder.newInvokeSpecial(java.lang.Object, java.lang.Object, java.lang.Object, int, int, int, int, int)'> (0x000000008aa11168) 
thrown [s\open\src\hotspot\share\interpreter\linkResolver.cpp, line 774]
Event: 1.213 Thread 0x0000021bb277da30 Exception <a 'java/lang/NoSuchMethodError'{0x000000008af0f768}: 'void java.lang.invoke.DirectMethodHandle$Holder.invokeVirtual(java.lang.Object, java.lang.Object)'> (0x000000008af0f768) 
thrown [s\open\src\hotspot\share\interpreter\linkResolver.cpp, line 774]
Event: 1.236 Thread 0x0000021bb326c370 Exception <a 'java/lang/NoSuchMethodError'{0x000000008abe8f50}: 'void java.lang.invoke.DirectMethodHandle$Holder.invokeStaticInit(java.lang.Object)'> (0x000000008abe8f50) 
thrown [s\open\src\hotspot\share\interpreter\linkResolver.cpp, line 774]

VM Operations (20 events):
Event: 0.286 Executing VM operation: HandshakeAllThreads
Event: 0.286 Executing VM operation: HandshakeAllThreads done
Event: 0.378 Executing VM operation: ChangeBreakpoints
Event: 0.378 Executing VM operation: ChangeBreakpoints done
Event: 0.379 Executing VM operation: ChangeBreakpoints
Event: 0.379 Executing VM operation: ChangeBreakpoints done
Event: 0.582 Executing VM operation: ChangeBreakpoints
Event: 0.582 Executing VM operation: ChangeBreakpoints done
Event: 0.583 Executing VM operation: ChangeBreakpoints
Event: 0.583 Executing VM operation: ChangeBreakpoints done
Event: 0.722 Executing VM operation: HandshakeAllThreads
Event: 0.722 Executing VM operation: HandshakeAllThreads done
Event: 0.804 Executing VM operation: HandshakeAllThreads
Event: 0.804 Executing VM operation: HandshakeAllThreads done
Event: 1.099 Executing VM operation: HandshakeAllThreads
Event: 1.100 Executing VM operation: HandshakeAllThreads done
Event: 1.208 Executing VM operation: HandshakeAllThreads
Event: 1.208 Executing VM operation: HandshakeAllThreads done
Event: 1.218 Executing VM operation: HandshakeAllThreads
Event: 1.218 Executing VM operation: HandshakeAllThreads done

Events (20 events):
Event: 0.071 Thread 0x0000021bae13dc00 Thread added: 0x0000021bae13dc00
Event: 0.071 Thread 0x0000021bae1406e0 Thread added: 0x0000021bae1406e0
Event: 0.072 Thread 0x0000021bae141ca0 Thread added: 0x0000021bae141ca0
Event: 0.072 Thread 0x0000021bae162a50 Thread added: 0x0000021bae162a50
Event: 0.072 Thread 0x0000021bae178170 Thread added: 0x0000021bae178170
Event: 0.072 Thread 0x0000021bae188b20 Thread added: 0x0000021bae188b20
Event: 0.106 Thread 0x0000021bb2515d70 Thread added: 0x0000021bb2515d70
Event: 0.106 Thread 0x0000021bb252ede0 Thread added: 0x0000021bb252ede0
Event: 0.107 Thread 0x0000021bb252f330 Thread added: 0x0000021bb252f330
Event: 0.164 Thread 0x0000021bb2533750 Thread added: 0x0000021bb2533750
Event: 0.169 Thread 0x0000021bb253d970 Thread added: 0x0000021bb253d970
Event: 0.335 Thread 0x0000021bb27b1270 Thread added: 0x0000021bb27b1270
Event: 0.337 Thread 0x0000021bb277bca0 Thread added: 0x0000021bb277bca0
Event: 0.340 Thread 0x0000021bb277da30 Thread added: 0x0000021bb277da30
Event: 0.578 Thread 0x0000021bb326c370 Thread added: 0x0000021bb326c370
Event: 0.579 Thread 0x0000021b8fa4ec10 Thread exited: 0x0000021b8fa4ec10
Event: 0.579 Thread 0x0000021b8fa4ec10 Thread added: 0x0000021b8fa4ec10
Event: 0.725 Thread 0x0000021bb327fc90 Thread added: 0x0000021bb327fc90
Event: 1.098 Thread 0x0000021bb3639b80 Thread added: 0x0000021bb3639b80
Event: 1.108 Thread 0x0000021bb363b0c0 Thread added: 0x0000021bb363b0c0


Dynamic libraries:
0x00007ff6293d0000 - 0x00007ff6293e0000 	C:\Program Files\Java\jdk-19\bin\java.exe
0x00007ff9aaa70000 - 0x00007ff9aac68000 	C:\WINDOWS\SYSTEM32\ntdll.dll
0x00007ff9a9cb0000 - 0x00007ff9a9d6d000 	C:\WINDOWS\System32\KERNEL32.DLL
0x00007ff9a8340000 - 0x00007ff9a8636000 	C:\WINDOWS\System32\KERNELBASE.dll
0x00007ff9a8210000 - 0x00007ff9a8310000 	C:\WINDOWS\System32\ucrtbase.dll
0x00007ff9a10a0000 - 0x00007ff9a10bb000 	C:\Program Files\Java\jdk-19\bin\VCRUNTIME140.dll
0x00007ff9a0ff0000 - 0x00007ff9a1008000 	C:\Program Files\Java\jdk-19\bin\jli.dll
0x00007ff9a9460000 - 0x00007ff9a950e000 	C:\WINDOWS\System32\ADVAPI32.dll
0x00007ff9a8be0000 - 0x00007ff9a8c7e000 	C:\WINDOWS\System32\msvcrt.dll
0x00007ff9a8b30000 - 0x00007ff9a8bcc000 	C:\WINDOWS\System32\sechost.dll
0x00007ff9aa2d0000 - 0x00007ff9aa3f6000 	C:\WINDOWS\System32\RPCRT4.dll
0x00007ff9aa830000 - 0x00007ff9aa9ce000 	C:\WINDOWS\System32\USER32.dll
0x00007ff9a8640000 - 0x00007ff9a8662000 	C:\WINDOWS\System32\win32u.dll
0x00007ff993690000 - 0x00007ff99392a000 	C:\WINDOWS\WinSxS\amd64_microsoft.windows.common-controls_6595b64144ccf1df_6.0.19041.1110_none_60b5254171f9507e\COMCTL32.dll
0x00007ff9a8c80000 - 0x00007ff9a8cac000 	C:\WINDOWS\System32\GDI32.dll
0x00007ff9a89b0000 - 0x00007ff9a8aca000 	C:\WINDOWS\System32\gdi32full.dll
0x00007ff9a8880000 - 0x00007ff9a891d000 	C:\WINDOWS\System32\msvcp_win.dll
0x00007ff9a15d0000 - 0x00007ff9a15da000 	C:\WINDOWS\SYSTEM32\VERSION.dll
0x00007ff9a9d70000 - 0x00007ff9a9da0000 	C:\WINDOWS\System32\IMM32.DLL
0x00007ff9a2610000 - 0x00007ff9a261c000 	C:\Program Files\Java\jdk-19\bin\vcruntime140_1.dll
0x00007ff97dbd0000 - 0x00007ff97dc5e000 	C:\Program Files\Java\jdk-19\bin\msvcp140.dll
0x00007ff960700000 - 0x00007ff9613c0000 	C:\Program Files\Java\jdk-19\bin\server\jvm.dll
0x00007ff9896e0000 - 0x00007ff9896e9000 	C:\WINDOWS\SYSTEM32\WSOCK32.dll
0x00007ff99b430000 - 0x00007ff99b457000 	C:\WINDOWS\SYSTEM32\WINMM.dll
0x00007ff9aa660000 - 0x00007ff9aa6cb000 	C:\WINDOWS\System32\WS2_32.dll
0x00007ff9a6010000 - 0x00007ff9a6022000 	C:\WINDOWS\SYSTEM32\kernel.appcore.dll
0x00007ff9a2600000 - 0x00007ff9a260a000 	C:\Program Files\Java\jdk-19\bin\jimage.dll
0x00007ff9a5750000 - 0x00007ff9a5934000 	C:\WINDOWS\SYSTEM32\DBGHELP.DLL
0x00007ff99fcf0000 - 0x00007ff99fd24000 	C:\WINDOWS\SYSTEM32\dbgcore.DLL
0x00007ff9a8920000 - 0x00007ff9a89a2000 	C:\WINDOWS\System32\bcryptPrimitives.dll
0x00007ff9a0bd0000 - 0x00007ff9a0c0c000 	C:\Program Files\Java\jdk-19\bin\jdwp.dll
0x00007ff9a0cd0000 - 0x00007ff9a0cf6000 	C:\Program Files\Java\jdk-19\bin\java.dll
0x00007ff97dc60000 - 0x00007ff97dd37000 	C:\Program Files\Java\jdk-19\bin\jsvml.dll
0x00007ff9a8cb0000 - 0x00007ff9a93f5000 	C:\WINDOWS\System32\SHELL32.dll
0x00007ff9a61e0000 - 0x00007ff9a697b000 	C:\WINDOWS\SYSTEM32\windows.storage.dll
0x00007ff9a9da0000 - 0x00007ff9aa0f4000 	C:\WINDOWS\System32\combase.dll
0x00007ff9a7b90000 - 0x00007ff9a7bbe000 	C:\WINDOWS\SYSTEM32\Wldp.dll
0x00007ff9a9650000 - 0x00007ff9a96fd000 	C:\WINDOWS\System32\SHCORE.dll
0x00007ff9a9510000 - 0x00007ff9a9565000 	C:\WINDOWS\System32\shlwapi.dll
0x00007ff9a8080000 - 0x00007ff9a80a5000 	C:\WINDOWS\SYSTEM32\profapi.dll
0x00007ff9a1030000 - 0x00007ff9a103c000 	C:\Program Files\Java\jdk-19\bin\dt_socket.dll
0x00007ff9a7590000 - 0x00007ff9a75cb000 	C:\WINDOWS\SYSTEM32\IPHLPAPI.DLL
0x00007ff9a78f0000 - 0x00007ff9a795a000 	C:\WINDOWS\system32\mswsock.dll
0x00007ff9a0f20000 - 0x00007ff9a0f33000 	C:\Program Files\Java\jdk-19\bin\net.dll
0x00007ff9a2e10000 - 0x00007ff9a2f1a000 	C:\WINDOWS\SYSTEM32\WINHTTP.dll
0x00007ff9a0d20000 - 0x00007ff9a0d36000 	C:\Program Files\Java\jdk-19\bin\nio.dll
0x00007ff9971e0000 - 0x00007ff9971f8000 	C:\Program Files\Java\jdk-19\bin\zip.dll
0x00007ff965490000 - 0x00007ff965621000 	C:\Program Files\Java\jdk-19\bin\awt.dll
0x00007ff9aa760000 - 0x00007ff9aa82d000 	C:\WINDOWS\System32\OLEAUT32.dll
0x00007ff9a5530000 - 0x00007ff9a55c1000 	C:\WINDOWS\SYSTEM32\apphelp.dll
0x00007ff9a5ad0000 - 0x00007ff9a5b6e000 	C:\WINDOWS\system32\uxtheme.dll
0x00007ff9aa540000 - 0x00007ff9aa654000 	C:\WINDOWS\System32\MSCTF.dll
0x00007ff9a9b70000 - 0x00007ff9a9c9a000 	C:\WINDOWS\System32\ole32.dll
0x00007ff9a5cd0000 - 0x00007ff9a5cff000 	C:\WINDOWS\system32\DWMAPI.DLL
0x00007ff978b30000 - 0x00007ff978bb6000 	C:\Program Files\Java\jdk-19\bin\freetype.dll
0x00007ff978a80000 - 0x00007ff978b29000 	C:\Program Files\Java\jdk-19\bin\fontmanager.dll
0x00007ff985cc0000 - 0x00007ff985de5000 	C:\WINDOWS\system32\opengl32.dll
0x00007ff996b20000 - 0x00007ff996b4c000 	C:\WINDOWS\SYSTEM32\GLU32.dll
0x00007ff9aa490000 - 0x00007ff9aa539000 	C:\WINDOWS\System32\clbcatq.dll
0x00007ff98bcf0000 - 0x00007ff98bea4000 	C:\WINDOWS\SYSTEM32\WindowsCodecs.dll
0x00007ff9a8310000 - 0x00007ff9a8337000 	C:\WINDOWS\System32\bcrypt.dll
0x00007ff99ea10000 - 0x00007ff99ea4e000 	C:\WINDOWS\system32\dataexchange.dll
0x00007ff9a5100000 - 0x00007ff9a52e3000 	C:\WINDOWS\system32\dcomp.dll
0x00007ff9a4090000 - 0x00007ff9a42f3000 	C:\WINDOWS\system32\d3d11.dll
0x00007ff9a69d0000 - 0x00007ff9a6ac3000 	C:\WINDOWS\system32\dxgi.dll
0x00007ff9a0670000 - 0x00007ff9a0877000 	C:\WINDOWS\system32\twinapi.appcore.dll

dbghelp: loaded successfully - version: 4.0.5 - missing functions: none
symbol engine: initialized successfully - sym options: 0x614 - pdb path: .;C:\Program Files\Java\jdk-19\bin;C:\WINDOWS\SYSTEM32;C:\WINDOWS\WinSxS\amd64_microsoft.windows.common-controls_6595b64144ccf1df_6.0.19041.1110_none_60b5254171f9507e;C:\Program Files\Java\jdk-19\bin\server

VM Arguments:
jvm_args: -agentlib:jdwp=transport=dt_socket,server=n,address=60446 
java_command: UI.HomeScreen
java_class_path (initial): C:\Users\ADMIN\Documents\NetBeansProjects\PAT23\PAT23\target\classes;C:\Users\ADMIN\.m2\repository\mysql\mysql-connector-java\8.0.27\mysql-connector-java-8.0.27.jar;C:\Users\ADMIN\.m2\repository\com\google\protobuf\protobuf-java\3.11.4\protobuf-java-3.11.4.jar;C:\Users\ADMIN\.m2\repository\com\formdev\flatlaf\2.0\flatlaf-2.0.jar;C:\Users\ADMIN\.m2\repository\org\netbeans\external\AbsoluteLayout\RELEASE125\AbsoluteLayout-RELEASE125.jar
Launcher Type: SUN_STANDARD

[Global flags]
     intx CICompilerCount                          = 4                                         {product} {ergonomic}
     uint ConcGCThreads                            = 2                                         {product} {ergonomic}
     uint G1ConcRefinementThreads                  = 8                                         {product} {ergonomic}
   size_t G1HeapRegionSize                         = 1048576                                   {product} {ergonomic}
    uintx GCDrainStackTargetSize                   = 64                                        {product} {ergonomic}
   size_t InitialHeapSize                          = 132120576                                 {product} {ergonomic}
   size_t MarkStackSize                            = 4194304                                   {product} {ergonomic}
   size_t MaxHeapSize                              = 2090860544                                {product} {ergonomic}
   size_t MaxNewSize                               = 1254096896                                {product} {ergonomic}
   size_t MinHeapDeltaBytes                        = 1048576                                   {product} {ergonomic}
   size_t MinHeapSize                              = 8388608                                   {product} {ergonomic}
    uintx NonNMethodCodeHeapSize                   = 5839372                                {pd product} {ergonomic}
    uintx NonProfiledCodeHeapSize                  = 122909434                              {pd product} {ergonomic}
    uintx ProfiledCodeHeapSize                     = 122909434                              {pd product} {ergonomic}
    uintx ReservedCodeCacheSize                    = 251658240                              {pd product} {ergonomic}
     bool SegmentedCodeCache                       = true                                      {product} {ergonomic}
   size_t SoftMaxHeapSize                          = 2090860544                             {manageable} {ergonomic}
     bool UseCompressedClassPointers               = true                           {product lp64_product} {ergonomic}
     bool UseCompressedOops                        = true                           {product lp64_product} {ergonomic}
     bool UseG1GC                                  = true                                      {product} {ergonomic}
     bool UseLargePagesIndividualAllocation        = false                                  {pd product} {ergonomic}

Logging:
Log output configuration:
 #0: stdout all=warning uptime,level,tags foldmultilines=false
 #1: stderr all=off uptime,level,tags foldmultilines=false

Environment Variables:
JAVA_HOME=C:\Program Files\Java\jdk-19
PATH=C:\Program Files\Common Files\Oracle\Java\javapath;C:\WINDOWS\system32;C:\WINDOWS;C:\WINDOWS\System32\Wbem;C:\WINDOWS\System32\WindowsPowerShell\v1.0\;C:\WINDOWS\System32\OpenSSH\:C:\Program Files\Java\jdk-19\bin;C:\Program Files\MySQL\MySQL Shell 8.0\bin\;C:\Users\ADMIN\AppData\Local\Microsoft\WindowsApps;
USERNAME=ADMIN
OS=Windows_NT
PROCESSOR_IDENTIFIER=Intel64 Family 6 Model 140 Stepping 1, GenuineIntel
TMP=C:\Users\ADMIN\AppData\Local\Temp
TEMP=C:\Users\ADMIN\AppData\Local\Temp



---------------  S Y S T E M  ---------------

OS:
 Windows 10 , 64 bit Build 19041 (10.0.19041.3393)
OS uptime: 8 days 9:24 hours

CPU: total 8 (initial active 8) (4 cores per cpu, 2 threads per core) family 6 model 140 stepping 1 microcode 0xa4, cx8, cmov, fxsr, ht, mmx, 3dnowpref, sse, sse2, sse3, ssse3, sse4.1, sse4.2, popcnt, lzcnt, tsc, tscinvbit, avx, avx2, aes, erms, clmul, bmi1, bmi2, adx, avx512f, avx512dq, avx512cd, avx512bw, avx512vl, sha, fma, vzeroupper, avx512_vpopcntdq, avx512_vpclmulqdq, avx512_vaes, avx512_vnni, clflush, clflushopt, clwb, avx512_vbmi2, avx512_vbmi, rdtscp, rdpid, fsrm, gfni, avx512_bitalg

Memory: 4k page, system-wide physical 7975M (388M free)
TotalPageFile size 32551M (AvailPageFile size 0M)
current process WorkingSet (physical memory assigned to process): 69M, peak: 69M
current process commit charge ("private bytes"): 230M, peak: 230M

vm_info: Java HotSpot(TM) 64-Bit Server VM (19+36-2238) for windows-amd64 JRE (19+36-2238), built on 2022-08-12T20:29:01Z by "mach5one" with MS VC++ 17.1 (VS2022)

END.
